
=== Thu Dec 13 11:18:51 2018

Packages were changed.
Update Mode: updateDependencies

The following packages were updated:
  com.unity.package-manager-ui from version 2.1.0-preview.1 to 0.0.0-builtin

=== Fri Jan 18 08:51:20 2019

Packages were changed.
Update Mode: updateDependencies

The following packages were updated:
  com.unity.package-manager-ui from version 0.0.0-builtin to 2.1.1

=== Fri Feb  1 10:52:26 2019

Packages were changed.
Update Mode: updateDependencies

The following packages were added:
  com.unity.timeline@1.0.0
The following packages were updated:
  com.unity.package-manager-ui from version 2.0.3 to 2.1.1

=== Thu Feb  7 21:29:41 2019

Packages were changed.
Update Mode: updateDependencies

The following packages were added:
  com.unity.timeline@1.0.0

=== Tue Apr 23 09:11:35 2019

Packages were changed.
Update Mode: updateDependencies

The following packages were updated:
  com.unity.package-manager-ui from version 2.1.1 to 2.1.2
  com.unity.textmeshpro from version 1.3.0 to 2.0.0
